2026-03-23 15:13:09,741 [INFO] UPDATE MODE: 差分更新
2026-03-23 15:13:09,741 [INFO] ============================================================
2026-03-23 15:13:09,741 [INFO] UPDATE MODE: 差分更新（当日データのみ取得）
2026-03-23 15:13:09,741 [INFO] Fetching equity master...
2026-03-23 15:13:11,772 [INFO] Master fetched: 4444 stocks
2026-03-23 15:13:11,778 [INFO] Target: 4070 stocks
2026-03-23 15:13:12,342 [INFO] Nikkei225: 3 days
2026-03-23 15:13:33,026 [INFO] Progress: 50/4070 (1.2%)  PASS:0  ERR:50
2026-03-23 15:13:43,452 [INFO] Progress: 100/4070 (2.5%)  PASS:0  ERR:100
2026-03-23 15:13:51,657 [INFO] Progress: 150/4070 (3.7%)  PASS:0  ERR:150
2026-03-23 15:14:00,188 [INFO] Progress: 200/4070 (4.9%)  PASS:0  ERR:200
2026-03-23 15:14:08,702 [INFO] Progress: 250/4070 (6.1%)  PASS:0  ERR:250
2026-03-23 15:14:17,112 [INFO] Progress: 300/4070 (7.4%)  PASS:0  ERR:300
2026-03-23 15:14:25,765 [INFO] Progress: 350/4070 (8.6%)  PASS:0  ERR:350
2026-03-23 15:14:33,910 [INFO] Progress: 400/4070 (9.8%)  PASS:0  ERR:400
2026-03-23 15:14:42,443 [INFO] Progress: 450/4070 (11.1%)  PASS:0  ERR:450
2026-03-23 15:14:50,845 [INFO] Progress: 500/4070 (12.3%)  PASS:0  ERR:500
2026-03-23 15:14:59,146 [INFO] Progress: 550/4070 (13.5%)  PASS:0  ERR:550
2026-03-23 15:15:07,794 [INFO] Progress: 600/4070 (14.7%)  PASS:0  ERR:600
2026-03-23 15:15:15,964 [INFO] Progress: 650/4070 (16.0%)  PASS:0  ERR:650
2026-03-23 15:15:24,564 [INFO] Progress: 700/4070 (17.2%)  PASS:0  ERR:700
2026-03-23 15:15:32,992 [INFO] Progress: 750/4070 (18.4%)  PASS:0  ERR:750
2026-03-23 15:15:41,219 [INFO] Progress: 800/4070 (19.7%)  PASS:0  ERR:800
2026-03-23 15:15:49,875 [INFO] Progress: 850/4070 (20.9%)  PASS:0  ERR:850
2026-03-23 15:15:57,983 [INFO] Progress: 900/4070 (22.1%)  PASS:0  ERR:900
2026-03-23 15:16:06,570 [INFO] Progress: 950/4070 (23.3%)  PASS:0  ERR:950
2026-03-23 15:16:15,045 [INFO] Progress: 1000/4070 (24.6%)  PASS:0  ERR:1000
2026-03-23 15:16:23,423 [INFO] Progress: 1050/4070 (25.8%)  PASS:0  ERR:1050
2026-03-23 15:16:32,039 [INFO] Progress: 1100/4070 (27.0%)  PASS:0  ERR:1100
2026-03-23 15:16:40,275 [INFO] Progress: 1150/4070 (28.3%)  PASS:0  ERR:1150
2026-03-23 15:16:48,678 [INFO] Progress: 1200/4070 (29.5%)  PASS:0  ERR:1200
2026-03-23 15:16:57,102 [INFO] Progress: 1250/4070 (30.7%)  PASS:0  ERR:1250
2026-03-23 15:17:05,438 [INFO] Progress: 1300/4070 (31.9%)  PASS:0  ERR:1300
2026-03-23 15:17:13,805 [INFO] Progress: 1350/4070 (33.2%)  PASS:0  ERR:1350
2026-03-23 15:17:22,388 [INFO] Progress: 1400/4070 (34.4%)  PASS:0  ERR:1400
2026-03-23 15:17:30,827 [INFO] Progress: 1450/4070 (35.6%)  PASS:0  ERR:1450
2026-03-23 15:17:39,121 [INFO] Progress: 1500/4070 (36.9%)  PASS:0  ERR:1500
2026-03-23 15:17:47,609 [INFO] Progress: 1550/4070 (38.1%)  PASS:0  ERR:1550
2026-03-23 15:17:55,856 [INFO] Progress: 1600/4070 (39.3%)  PASS:0  ERR:1600
2026-03-23 15:18:04,247 [INFO] Progress: 1650/4070 (40.5%)  PASS:0  ERR:1650
2026-03-23 15:18:12,694 [INFO] Progress: 1700/4070 (41.8%)  PASS:0  ERR:1700
2026-03-23 15:18:21,092 [INFO] Progress: 1750/4070 (43.0%)  PASS:0  ERR:1750
2026-03-23 15:18:29,472 [INFO] Progress: 1800/4070 (44.2%)  PASS:0  ERR:1800
2026-03-23 15:18:37,870 [INFO] Progress: 1850/4070 (45.5%)  PASS:0  ERR:1850
2026-03-23 15:18:46,239 [INFO] Progress: 1900/4070 (46.7%)  PASS:0  ERR:1900
2026-03-23 15:18:54,602 [INFO] Progress: 1950/4070 (47.9%)  PASS:0  ERR:1950
2026-03-23 15:19:02,978 [INFO] Progress: 2000/4070 (49.1%)  PASS:0  ERR:2000
2026-03-23 15:19:11,399 [INFO] Progress: 2050/4070 (50.4%)  PASS:0  ERR:2050
2026-03-23 15:19:19,734 [INFO] Progress: 2100/4070 (51.6%)  PASS:0  ERR:2100
2026-03-23 15:19:28,135 [INFO] Progress: 2150/4070 (52.8%)  PASS:0  ERR:2150
2026-03-23 15:19:36,581 [INFO] Progress: 2200/4070 (54.1%)  PASS:0  ERR:2200
2026-03-23 15:19:44,919 [INFO] Progress: 2250/4070 (55.3%)  PASS:0  ERR:2250
2026-03-23 15:19:53,401 [INFO] Progress: 2300/4070 (56.5%)  PASS:0  ERR:2300
2026-03-23 15:20:01,721 [INFO] Progress: 2350/4070 (57.7%)  PASS:0  ERR:2350
2026-03-23 15:20:10,265 [INFO] Progress: 2400/4070 (59.0%)  PASS:0  ERR:2400
2026-03-23 15:20:18,714 [INFO] Progress: 2450/4070 (60.2%)  PASS:0  ERR:2450
2026-03-23 15:20:26,931 [INFO] Progress: 2500/4070 (61.4%)  PASS:0  ERR:2500
2026-03-23 15:20:35,506 [INFO] Progress: 2550/4070 (62.7%)  PASS:0  ERR:2550
2026-03-23 15:20:43,951 [INFO] Progress: 2600/4070 (63.9%)  PASS:0  ERR:2600
2026-03-23 15:20:52,100 [INFO] Progress: 2650/4070 (65.1%)  PASS:0  ERR:2650
2026-03-23 15:21:00,652 [INFO] Progress: 2700/4070 (66.3%)  PASS:0  ERR:2700
2026-03-23 15:21:09,219 [INFO] Progress: 2750/4070 (67.6%)  PASS:0  ERR:2750
2026-03-23 15:21:17,365 [INFO] Progress: 2800/4070 (68.8%)  PASS:0  ERR:2800
2026-03-23 15:21:25,907 [INFO] Progress: 2850/4070 (70.0%)  PASS:0  ERR:2850
2026-03-23 15:21:34,250 [INFO] Progress: 2900/4070 (71.3%)  PASS:0  ERR:2900
2026-03-23 15:21:42,563 [INFO] Progress: 2950/4070 (72.5%)  PASS:0  ERR:2950
2026-03-23 15:21:50,927 [INFO] Progress: 3000/4070 (73.7%)  PASS:0  ERR:3000
2026-03-23 15:21:59,304 [INFO] Progress: 3050/4070 (74.9%)  PASS:0  ERR:3050
2026-03-23 15:22:07,796 [INFO] Progress: 3100/4070 (76.2%)  PASS:0  ERR:3100
2026-03-23 15:22:15,996 [INFO] Progress: 3150/4070 (77.4%)  PASS:0  ERR:3150
2026-03-23 15:22:24,385 [INFO] Progress: 3200/4070 (78.6%)  PASS:0  ERR:3200
2026-03-23 15:22:32,846 [INFO] Progress: 3250/4070 (79.9%)  PASS:0  ERR:3250
2026-03-23 15:22:40,919 [INFO] Progress: 3300/4070 (81.1%)  PASS:0  ERR:3300
2026-03-23 15:22:49,382 [INFO] Progress: 3350/4070 (82.3%)  PASS:0  ERR:3350
2026-03-23 15:22:57,783 [INFO] Progress: 3400/4070 (83.5%)  PASS:0  ERR:3400
2026-03-23 15:23:06,041 [INFO] Progress: 3450/4070 (84.8%)  PASS:0  ERR:3450
2026-03-23 15:23:14,540 [INFO] Progress: 3500/4070 (86.0%)  PASS:0  ERR:3500
2026-03-23 15:23:22,829 [INFO] Progress: 3550/4070 (87.2%)  PASS:0  ERR:3550
2026-03-23 15:23:31,500 [INFO] Progress: 3600/4070 (88.5%)  PASS:0  ERR:3600
2026-03-23 15:23:39,907 [INFO] Progress: 3650/4070 (89.7%)  PASS:0  ERR:3650
2026-03-23 15:23:48,156 [INFO] Progress: 3700/4070 (90.9%)  PASS:0  ERR:3700
2026-03-23 15:23:56,605 [INFO] Progress: 3750/4070 (92.1%)  PASS:0  ERR:3750
2026-03-23 15:24:05,012 [INFO] Progress: 3800/4070 (93.4%)  PASS:0  ERR:3800
2026-03-23 15:24:13,262 [INFO] Progress: 3850/4070 (94.6%)  PASS:0  ERR:3850
2026-03-23 15:24:21,827 [INFO] Progress: 3900/4070 (95.8%)  PASS:0  ERR:3900
2026-03-23 15:24:30,130 [INFO] Progress: 3950/4070 (97.1%)  PASS:0  ERR:3950
2026-03-23 15:24:38,518 [INFO] Progress: 4000/4070 (98.3%)  PASS:0  ERR:4000
2026-03-23 15:24:46,921 [INFO] Progress: 4050/4070 (99.5%)  PASS:0  ERR:4050
2026-03-23 15:24:50,201 [INFO] ============================================================
2026-03-23 15:24:50,201 [INFO] 更新完了! 4070銘柄  PASS:0  ERR:4070  所要:11.6分
2026-03-23 15:24:50,201 [INFO] 結果: /home/runner/work/invest-system/invest-system/data/screen_full_results.json
2026-03-23 15:37:31,693 [INFO] FRESH MODE: 全銘柄・最初から
2026-03-23 15:37:31,693 [INFO] ============================================================
2026-03-23 15:37:31,693 [INFO] screen_full start  resume=False  exclude_etf=True
2026-03-23 15:37:31,693 [INFO] Fetching equity master...
2026-03-23 15:37:34,011 [INFO] Master fetched: 4444 stocks
2026-03-23 15:37:34,018 [INFO] Target: 4070 stocks
2026-03-23 15:37:34,762 [INFO] Nikkei225 loaded: 267 days
2026-03-23 15:37:34,763 [INFO] Pending: 4070 stocks  Workers: 3
2026-03-23 15:38:36,076 [INFO] Progress: 50/4070 (1.2%)  PASS:12  ERR:6
2026-03-23 15:39:05,737 [INFO] Progress: 100/4070 (2.5%)  PASS:28  ERR:8
2026-03-23 15:39:38,204 [INFO] Progress: 150/4070 (3.7%)  PASS:42  ERR:11
2026-03-23 15:40:16,734 [INFO] Progress: 200/4070 (4.9%)  PASS:57  ERR:14
2026-03-23 15:40:35,747 [INFO] Progress: 250/4070 (6.1%)  PASS:69  ERR:15
2026-03-23 15:41:11,300 [INFO] Progress: 300/4070 (7.4%)  PASS:74  ERR:18
2026-03-23 15:41:57,609 [INFO] Progress: 350/4070 (8.6%)  PASS:86  ERR:21
2026-03-23 15:42:17,228 [INFO] Progress: 400/4070 (9.8%)  PASS:99  ERR:23
2026-03-23 15:42:53,387 [INFO] Progress: 450/4070 (11.1%)  PASS:108  ERR:26
2026-03-23 15:43:13,684 [WARNING] 2838: rate limit, wait 10.0s
2026-03-23 15:43:14,410 [WARNING] 2839: rate limit, wait 10.0s
2026-03-23 15:43:26,113 [INFO] Progress: 500/4070 (12.3%)  PASS:121  ERR:28
2026-03-23 15:43:54,474 [INFO] Progress: 550/4070 (13.5%)  PASS:131  ERR:29
2026-03-23 15:44:47,983 [INFO] Progress: 600/4070 (14.7%)  PASS:139  ERR:35
2026-03-23 15:45:22,821 [INFO] Progress: 650/4070 (16.0%)  PASS:150  ERR:38
2026-03-23 15:46:23,068 [INFO] Progress: 700/4070 (17.2%)  PASS:166  ERR:44
2026-03-23 15:47:02,684 [INFO] Progress: 750/4070 (18.4%)  PASS:178  ERR:47
2026-03-23 15:47:29,366 [INFO] Progress: 800/4070 (19.7%)  PASS:191  ERR:49
2026-03-23 15:47:57,651 [INFO] Progress: 850/4070 (20.9%)  PASS:206  ERR:52
2026-03-23 15:48:02,075 [WARNING] 3437: rate limit, wait 10.0s
2026-03-23 15:48:02,618 [WARNING] 3439: rate limit, wait 10.0s
2026-03-23 15:48:02,675 [WARNING] 343A: rate limit, wait 10.0s
2026-03-23 15:48:36,351 [INFO] Progress: 900/4070 (22.1%)  PASS:220  ERR:52
2026-03-23 15:49:11,410 [INFO] Progress: 950/4070 (23.3%)  PASS:230  ERR:56
2026-03-23 15:50:13,082 [INFO] Progress: 1000/4070 (24.6%)  PASS:236  ERR:63
2026-03-23 15:50:34,114 [INFO] Progress: 1050/4070 (25.8%)  PASS:242  ERR:64
2026-03-23 15:51:13,164 [INFO] Progress: 1100/4070 (27.0%)  PASS:248  ERR:67
2026-03-23 15:51:18,070 [WARNING] 3853: rate limit, wait 10.0s
2026-03-23 15:51:18,442 [WARNING] 3854: rate limit, wait 10.0s
2026-03-23 15:51:18,538 [WARNING] 3856: rate limit, wait 10.0s
2026-03-23 15:51:49,561 [INFO] Progress: 1150/4070 (28.3%)  PASS:261  ERR:68
2026-03-23 15:52:06,196 [WARNING] 3963: rate limit, wait 10.0s
2026-03-23 15:52:14,668 [INFO] Progress: 1200/4070 (29.5%)  PASS:270  ERR:70
2026-03-23 15:52:29,476 [WARNING] 4022: rate limit, wait 10.0s
2026-03-23 15:52:30,271 [WARNING] 398A: rate limit, wait 20.0s
2026-03-23 15:52:31,029 [WARNING] 4025: rate limit, wait 10.0s
2026-03-23 15:52:51,015 [INFO] Progress: 1250/4070 (30.7%)  PASS:283  ERR:72
2026-03-23 15:53:24,244 [INFO] Progress: 1300/4070 (31.9%)  PASS:301  ERR:75
2026-03-23 15:53:47,471 [INFO] Progress: 1350/4070 (33.2%)  PASS:309  ERR:76
2026-03-23 15:54:12,738 [WARNING] 429A: rate limit, wait 10.0s
2026-03-23 15:54:13,107 [WARNING] 4301: rate limit, wait 10.0s
2026-03-23 15:54:13,369 [WARNING] 4307: rate limit, wait 10.0s
2026-03-23 15:54:23,968 [INFO] Progress: 1400/4070 (34.4%)  PASS:319  ERR:78
2026-03-23 15:55:04,201 [INFO] Progress: 1450/4070 (35.6%)  PASS:327  ERR:81
2026-03-23 15:55:37,514 [INFO] Progress: 1500/4070 (36.9%)  PASS:333  ERR:84
2026-03-23 15:56:10,093 [INFO] Progress: 1550/4070 (38.1%)  PASS:340  ERR:87
2026-03-23 15:56:18,515 [WARNING] 4552: rate limit, wait 10.0s
2026-03-23 15:56:18,698 [WARNING] 4553: rate limit, wait 10.0s
2026-03-23 15:56:19,180 [WARNING] 4554: rate limit, wait 10.0s
2026-03-23 15:56:36,657 [INFO] Progress: 1600/4070 (39.3%)  PASS:355  ERR:87
2026-03-23 15:57:10,042 [INFO] Progress: 1650/4070 (40.5%)  PASS:363  ERR:90
2026-03-23 15:57:12,469 [WARNING] 4667: rate limit, wait 10.0s
2026-03-23 15:57:12,756 [WARNING] 4668: rate limit, wait 10.0s
2026-03-23 15:57:13,139 [WARNING] 466A: rate limit, wait 10.0s
2026-03-23 15:57:30,391 [WARNING] 4712: rate limit, wait 10.0s
2026-03-23 15:57:31,165 [WARNING] 4714: rate limit, wait 10.0s
2026-03-23 15:57:47,092 [INFO] Progress: 1700/4070 (41.8%)  PASS:372  ERR:90
2026-03-23 15:57:55,049 [WARNING] 4777: rate limit, wait 10.0s
2026-03-23 15:57:55,326 [WARNING] 477A: rate limit, wait 10.0s
2026-03-23 15:57:55,671 [WARNING] 4783: rate limit, wait 10.0s
2026-03-23 15:58:14,290 [INFO] Progress: 1750/4070 (43.0%)  PASS:373  ERR:91
2026-03-23 15:58:44,378 [INFO] Progress: 1800/4070 (44.2%)  PASS:382  ERR:95
2026-03-23 15:58:56,068 [WARNING] 498A: rate limit, wait 10.0s
2026-03-23 15:58:56,464 [WARNING] 4990: rate limit, wait 10.0s
2026-03-23 15:58:56,778 [WARNING] 4992: rate limit, wait 10.0s
2026-03-23 15:59:12,752 [INFO] Progress: 1850/4070 (45.5%)  PASS:404  ERR:105
2026-03-23 16:00:03,298 [INFO] Progress: 1900/4070 (46.7%)  PASS:409  ERR:121
2026-03-23 16:00:30,458 [INFO] Progress: 1950/4070 (47.9%)  PASS:418  ERR:129
2026-03-23 16:00:50,295 [WARNING] 5393: rate limit, wait 10.0s
2026-03-23 16:00:50,885 [WARNING] 539A: rate limit, wait 10.0s
2026-03-23 16:00:51,042 [WARNING] 5401: rate limit, wait 10.0s
2026-03-23 16:01:01,620 [INFO] Progress: 2000/4070 (49.1%)  PASS:436  ERR:143
2026-03-23 16:01:07,414 [WARNING] 5484: rate limit, wait 10.0s
2026-03-23 16:01:07,953 [WARNING] 5491: rate limit, wait 10.0s
2026-03-23 16:01:08,291 [WARNING] 5525: rate limit, wait 10.0s
2026-03-23 16:02:25,112 [INFO] Progress: 2050/4070 (50.4%)  PASS:447  ERR:152
2026-03-23 16:03:25,117 [INFO] Progress: 2100/4070 (51.6%)  PASS:459  ERR:160
2026-03-23 16:04:25,390 [INFO] Progress: 2150/4070 (52.8%)  PASS:472  ERR:166
2026-03-23 16:04:44,107 [INFO] Progress: 2200/4070 (54.1%)  PASS:492  ERR:167
2026-03-23 16:04:55,663 [WARNING] 6078: rate limit, wait 10.0s
2026-03-23 16:04:56,097 [WARNING] 6080: rate limit, wait 10.0s
2026-03-23 16:04:56,455 [WARNING] 6081: rate limit, wait 10.0s
2026-03-23 16:05:09,920 [INFO] Progress: 2250/4070 (55.3%)  PASS:506  ERR:167
2026-03-23 16:05:17,366 [WARNING] 6149: rate limit, wait 10.0s
2026-03-23 16:05:17,538 [WARNING] 6150: rate limit, wait 10.0s
2026-03-23 16:05:18,028 [WARNING] 6151: rate limit, wait 10.0s
2026-03-23 16:05:40,961 [INFO] Progress: 2300/4070 (56.5%)  PASS:526  ERR:167
2026-03-23 16:06:03,719 [INFO] Progress: 2350/4070 (57.7%)  PASS:545  ERR:169
2026-03-23 16:06:08,579 [WARNING] 6294: rate limit, wait 10.0s
2026-03-23 16:06:08,700 [WARNING] 6298: rate limit, wait 10.0s
2026-03-23 16:06:09,247 [WARNING] 6301: rate limit, wait 10.0s
2026-03-23 16:06:27,793 [WARNING] 6343: rate limit, wait 10.0s
2026-03-23 16:06:28,491 [WARNING] 6345: rate limit, wait 10.0s
2026-03-23 16:06:28,576 [WARNING] 6346: rate limit, wait 10.0s
2026-03-23 16:06:39,390 [INFO] Progress: 2400/4070 (59.0%)  PASS:565  ERR:169
2026-03-23 16:06:47,782 [WARNING] 6393: rate limit, wait 10.0s
2026-03-23 16:06:47,850 [WARNING] 6395: rate limit, wait 10.0s
2026-03-23 16:06:48,550 [WARNING] 6396: rate limit, wait 10.0s
2026-03-23 16:07:03,781 [INFO] Progress: 2450/4070 (60.2%)  PASS:583  ERR:169
2026-03-23 16:07:07,144 [WARNING] 6460: rate limit, wait 10.0s
2026-03-23 16:07:07,842 [WARNING] 6463: rate limit, wait 10.0s
2026-03-23 16:07:07,894 [WARNING] 6464: rate limit, wait 10.0s
2026-03-23 16:07:27,244 [WARNING] 6505: rate limit, wait 10.0s
2026-03-23 16:07:27,353 [WARNING] 6506: rate limit, wait 10.0s
2026-03-23 16:07:27,962 [WARNING] 6507: rate limit, wait 10.0s
2026-03-23 16:07:39,851 [INFO] Progress: 2500/4070 (61.4%)  PASS:609  ERR:169
2026-03-23 16:07:54,179 [WARNING] 6571: rate limit, wait 10.0s
2026-03-23 16:07:54,997 [WARNING] 6572: rate limit, wait 10.0s
2026-03-23 16:08:09,925 [INFO] Progress: 2550/4070 (62.7%)  PASS:618  ERR:170
2026-03-23 16:08:37,575 [INFO] Progress: 2600/4070 (63.9%)  PASS:637  ERR:172
2026-03-23 16:08:53,026 [WARNING] 6775: rate limit, wait 10.0s
2026-03-23 16:08:53,529 [WARNING] 6776: rate limit, wait 10.0s
2026-03-23 16:09:05,665 [INFO] Progress: 2650/4070 (65.1%)  PASS:658  ERR:173
2026-03-23 16:09:10,218 [WARNING] 6836: rate limit, wait 10.0s
2026-03-23 16:09:10,602 [WARNING] 6837: rate limit, wait 10.0s
2026-03-23 16:09:11,023 [WARNING] 6838: rate limit, wait 10.0s
2026-03-23 16:09:31,086 [INFO] Progress: 2700/4070 (66.3%)  PASS:681  ERR:173
2026-03-23 16:09:31,827 [WARNING] 6904: rate limit, wait 10.0s
2026-03-23 16:09:52,163 [WARNING] 6971: rate limit, wait 10.0s
2026-03-23 16:09:52,910 [WARNING] 6976: rate limit, wait 10.0s
2026-03-23 16:09:52,980 [WARNING] 6977: rate limit, wait 10.0s
2026-03-23 16:10:06,371 [INFO] Progress: 2750/4070 (67.6%)  PASS:711  ERR:174
2026-03-23 16:10:13,075 [WARNING] 7042: rate limit, wait 10.0s
2026-03-23 16:10:13,300 [WARNING] 7043: rate limit, wait 10.0s
2026-03-23 16:10:13,840 [WARNING] 7044: rate limit, wait 10.0s
2026-03-23 16:10:34,240 [INFO] Progress: 2800/4070 (68.8%)  PASS:722  ERR:174
2026-03-23 16:10:53,389 [WARNING] 7098: rate limit, wait 20.0s
2026-03-23 16:10:53,892 [WARNING] 7134: rate limit, wait 10.0s
2026-03-23 16:11:20,661 [INFO] Progress: 2850/4070 (70.0%)  PASS:736  ERR:177
2026-03-23 16:11:56,875 [INFO] Progress: 2900/4070 (71.3%)  PASS:753  ERR:181
2026-03-23 16:12:11,375 [INFO] Progress: 2950/4070 (72.5%)  PASS:774  ERR:181
2026-03-23 16:12:47,266 [INFO] Progress: 3000/4070 (73.7%)  PASS:785  ERR:183
2026-03-23 16:12:50,682 [WARNING] 7459: rate limit, wait 10.0s
2026-03-23 16:12:50,724 [WARNING] 7460: rate limit, wait 10.0s
2026-03-23 16:12:51,277 [WARNING] 7461: rate limit, wait 10.0s
2026-03-23 16:13:08,165 [WARNING] 7506: rate limit, wait 10.0s
2026-03-23 16:13:08,712 [WARNING] 7508: rate limit, wait 10.0s
2026-03-23 16:13:09,014 [WARNING] 7509: rate limit, wait 10.0s
2026-03-23 16:13:22,475 [INFO] Progress: 3050/4070 (74.9%)  PASS:801  ERR:184
2026-03-23 16:13:35,756 [WARNING] 7602: rate limit, wait 10.0s
2026-03-23 16:13:47,563 [INFO] Progress: 3100/4070 (76.2%)  PASS:813  ERR:185
2026-03-23 16:13:49,016 [WARNING] 7638: rate limit, wait 10.0s
2026-03-23 16:13:49,088 [WARNING] 7640: rate limit, wait 10.0s
2026-03-23 16:13:49,563 [WARNING] 7643: rate limit, wait 10.0s
2026-03-23 16:14:48,240 [INFO] Progress: 3150/4070 (77.4%)  PASS:834  ERR:190
2026-03-23 16:15:02,540 [INFO] Progress: 3200/4070 (78.6%)  PASS:852  ERR:190
2026-03-23 16:15:13,139 [WARNING] 7887: rate limit, wait 10.0s
2026-03-23 16:15:13,358 [WARNING] 7888: rate limit, wait 10.0s
2026-03-23 16:15:13,736 [WARNING] 7893: rate limit, wait 10.0s
2026-03-23 16:15:27,379 [INFO] Progress: 3250/4070 (79.9%)  PASS:864  ERR:190
2026-03-23 16:15:30,843 [WARNING] 7932: rate limit, wait 10.0s
2026-03-23 16:15:31,407 [WARNING] 7936: rate limit, wait 10.0s
2026-03-23 16:15:31,435 [WARNING] 7937: rate limit, wait 10.0s
2026-03-23 16:15:48,949 [WARNING] 7975: rate limit, wait 10.0s
2026-03-23 16:15:49,097 [WARNING] 7976: rate limit, wait 10.0s
2026-03-23 16:15:49,679 [WARNING] 7979: rate limit, wait 10.0s
2026-03-23 16:16:03,075 [INFO] Progress: 3300/4070 (81.1%)  PASS:881  ERR:190
2026-03-23 16:16:07,304 [WARNING] 8013: rate limit, wait 10.0s
2026-03-23 16:16:07,322 [WARNING] 8014: rate limit, wait 10.0s
2026-03-23 16:16:07,937 [WARNING] 8015: rate limit, wait 10.0s
2026-03-23 16:16:27,347 [WARNING] 8070: rate limit, wait 10.0s
2026-03-23 16:16:27,387 [WARNING] 8074: rate limit, wait 10.0s
2026-03-23 16:16:27,919 [WARNING] 8075: rate limit, wait 10.0s
2026-03-23 16:16:38,304 [INFO] Progress: 3350/4070 (82.3%)  PASS:911  ERR:190
2026-03-23 16:16:46,594 [WARNING] 8127: rate limit, wait 10.0s
2026-03-23 16:16:47,161 [WARNING] 8129: rate limit, wait 10.0s
2026-03-23 16:16:47,355 [WARNING] 8130: rate limit, wait 10.0s
2026-03-23 16:17:03,354 [INFO] Progress: 3400/4070 (83.5%)  PASS:928  ERR:190
2026-03-23 16:17:06,559 [WARNING] 8185: rate limit, wait 10.0s
2026-03-23 16:17:07,103 [WARNING] 8194: rate limit, wait 10.0s
2026-03-23 16:17:07,233 [WARNING] 8198: rate limit, wait 10.0s
2026-03-23 16:17:26,482 [WARNING] 8283: rate limit, wait 10.0s
2026-03-23 16:17:27,117 [WARNING] 8285: rate limit, wait 10.0s
2026-03-23 16:17:27,177 [WARNING] 8289: rate limit, wait 10.0s
2026-03-23 16:17:38,776 [INFO] Progress: 3450/4070 (84.8%)  PASS:940  ERR:190
2026-03-23 16:17:58,418 [WARNING] 8508: rate limit, wait 10.0s
2026-03-23 16:18:00,384 [INFO] Progress: 3500/4070 (86.0%)  PASS:983  ERR:191
2026-03-23 16:18:00,962 [WARNING] 8522: rate limit, wait 10.0s
2026-03-23 16:18:01,598 [WARNING] 8524: rate limit, wait 10.0s
2026-03-23 16:18:21,741 [WARNING] 8705: rate limit, wait 10.0s
2026-03-23 16:18:21,755 [WARNING] 8707: rate limit, wait 10.0s
2026-03-23 16:18:22,532 [WARNING] 8708: rate limit, wait 10.0s
2026-03-23 16:18:35,230 [INFO] Progress: 3550/4070 (87.2%)  PASS:1018  ERR:191
2026-03-23 16:18:43,396 [WARNING] 8877: rate limit, wait 10.0s
2026-03-23 16:18:44,209 [WARNING] 8887: rate limit, wait 10.0s
2026-03-23 16:18:44,960 [WARNING] 8891: rate limit, wait 10.0s
2026-03-23 16:19:00,380 [INFO] Progress: 3600/4070 (88.5%)  PASS:1034  ERR:191
2026-03-23 16:19:18,248 [WARNING] 9010: rate limit, wait 10.0s
2026-03-23 16:19:27,654 [INFO] Progress: 3650/4070 (89.7%)  PASS:1040  ERR:192
2026-03-23 16:19:40,109 [WARNING] 9074: rate limit, wait 10.0s
2026-03-23 16:19:40,602 [WARNING] 9012: rate limit, wait 30.0s
2026-03-23 16:19:40,664 [WARNING] 9075: rate limit, wait 10.0s
2026-03-23 16:20:21,005 [INFO] Progress: 3700/4070 (90.9%)  PASS:1060  ERR:194
2026-03-23 16:21:08,211 [INFO] Progress: 3750/4070 (92.1%)  PASS:1065  ERR:199
2026-03-23 16:21:49,751 [INFO] Progress: 3800/4070 (93.4%)  PASS:1088  ERR:202
2026-03-23 16:22:10,137 [INFO] Progress: 3850/4070 (94.6%)  PASS:1101  ERR:204
2026-03-23 16:22:21,717 [WARNING] 9531: rate limit, wait 10.0s
2026-03-23 16:22:21,933 [WARNING] 9532: rate limit, wait 10.0s
2026-03-23 16:22:22,419 [WARNING] 9533: rate limit, wait 10.0s
2026-03-23 16:22:37,549 [INFO] Progress: 3900/4070 (95.8%)  PASS:1123  ERR:205
2026-03-23 16:22:40,095 [WARNING] 9612: rate limit, wait 10.0s
2026-03-23 16:22:40,405 [WARNING] 9616: rate limit, wait 10.0s
2026-03-23 16:22:40,647 [WARNING] 9619: rate limit, wait 10.0s
2026-03-23 16:22:58,156 [WARNING] 9684: rate limit, wait 10.0s
2026-03-23 16:22:58,440 [WARNING] 9685: rate limit, wait 10.0s
2026-03-23 16:22:58,718 [WARNING] 9686: rate limit, wait 10.0s
2026-03-23 16:23:13,066 [INFO] Progress: 3950/4070 (97.1%)  PASS:1136  ERR:205
2026-03-23 16:23:20,186 [WARNING] 9766: rate limit, wait 10.0s
2026-03-23 16:23:20,532 [WARNING] 9767: rate limit, wait 10.0s
2026-03-23 16:23:20,920 [WARNING] 9768: rate limit, wait 10.0s
2026-03-23 16:23:37,884 [INFO] Progress: 4000/4070 (98.3%)  PASS:1154  ERR:205
2026-03-23 16:23:42,816 [WARNING] 9880: rate limit, wait 10.0s
2026-03-23 16:23:43,246 [WARNING] 9882: rate limit, wait 10.0s
2026-03-23 16:23:43,607 [WARNING] 9885: rate limit, wait 10.0s
2026-03-23 16:24:02,930 [INFO] Progress: 4050/4070 (99.5%)  PASS:1172  ERR:205
2026-03-23 16:24:05,227 [WARNING] 9982: rate limit, wait 10.0s
2026-03-23 16:24:05,371 [WARNING] 9983: rate limit, wait 10.0s
2026-03-23 16:24:05,900 [WARNING] 9984: rate limit, wait 10.0s
2026-03-23 16:24:19,337 [INFO] ============================================================
2026-03-23 16:24:19,337 [INFO] 完了! 4070銘柄  PASS:1176  ERR:205  所要:46.7分
2026-03-23 16:24:19,337 [INFO] 結果: /home/runner/work/invest-system/invest-system/data/screen_full_results.json
2026-03-24 08:09:06,869 [INFO] FRESH MODE: 全銘柄・最初から
2026-03-24 08:09:06,869 [INFO] ============================================================
2026-03-24 08:09:06,869 [INFO] screen_full start  resume=False  exclude_etf=True
2026-03-24 08:09:06,869 [INFO] Fetching equity master...
2026-03-24 08:09:09,140 [INFO] Master fetched: 4444 stocks
2026-03-24 08:09:09,147 [INFO] Target: 4070 stocks
2026-03-24 08:09:09,982 [INFO] Nikkei225 loaded: 268 days
2026-03-24 08:09:09,982 [INFO] Pending: 4070 stocks  Workers: 3
2026-03-24 08:10:48,097 [INFO] Progress: 50/4070 (1.2%)  PASS:14  ERR:10
2026-03-24 08:11:09,662 [INFO] Progress: 100/4070 (2.5%)  PASS:30  ERR:12
2026-03-24 08:11:42,126 [INFO] Progress: 150/4070 (3.7%)  PASS:45  ERR:15
2026-03-24 08:12:20,159 [INFO] Progress: 200/4070 (4.9%)  PASS:61  ERR:18
2026-03-24 08:12:39,971 [INFO] Progress: 250/4070 (6.1%)  PASS:77  ERR:19
2026-03-24 08:13:15,655 [INFO] Progress: 300/4070 (7.4%)  PASS:83  ERR:22
2026-03-24 08:14:02,356 [INFO] Progress: 350/4070 (8.6%)  PASS:98  ERR:26
2026-03-24 08:14:28,705 [INFO] Progress: 400/4070 (9.8%)  PASS:114  ERR:27
2026-03-24 08:15:06,749 [INFO] Progress: 450/4070 (11.1%)  PASS:126  ERR:31
2026-03-24 08:15:28,792 [INFO] Progress: 500/4070 (12.3%)  PASS:142  ERR:32
2026-03-24 08:15:29,428 [WARNING] 2845: rate limit, wait 10.0s
2026-03-24 08:15:29,872 [WARNING] 2846: rate limit, wait 10.0s
2026-03-24 08:15:55,776 [WARNING] 2894: rate limit, wait 10.0s
2026-03-24 08:16:03,738 [INFO] Progress: 550/4070 (13.5%)  PASS:152  ERR:34
2026-03-24 08:16:08,125 [WARNING] 2929: rate limit, wait 10.0s
2026-03-24 08:16:08,264 [WARNING] 292A: rate limit, wait 10.0s
2026-03-24 08:16:08,827 [WARNING] 2930: rate limit, wait 10.0s
2026-03-24 08:17:10,863 [INFO] Progress: 600/4070 (14.7%)  PASS:161  ERR:40
2026-03-24 08:17:46,577 [INFO] Progress: 650/4070 (16.0%)  PASS:177  ERR:43
2026-03-24 08:18:46,657 [INFO] Progress: 700/4070 (17.2%)  PASS:198  ERR:49
2026-03-24 08:19:26,881 [INFO] Progress: 750/4070 (18.4%)  PASS:218  ERR:52
2026-03-24 08:19:53,793 [INFO] Progress: 800/4070 (19.7%)  PASS:237  ERR:54
2026-03-24 08:20:22,118 [INFO] Progress: 850/4070 (20.9%)  PASS:255  ERR:57
2026-03-24 08:20:57,491 [INFO] Progress: 900/4070 (22.1%)  PASS:270  ERR:60
2026-03-24 08:21:31,638 [INFO] Progress: 950/4070 (23.3%)  PASS:285  ERR:62
2026-03-24 08:22:32,716 [INFO] Progress: 1000/4070 (24.6%)  PASS:292  ERR:69
2026-03-24 08:22:54,337 [INFO] Progress: 1050/4070 (25.8%)  PASS:299  ERR:70
2026-03-24 08:23:33,334 [INFO] Progress: 1100/4070 (27.0%)  PASS:304  ERR:73
2026-03-24 08:24:06,093 [INFO] Progress: 1150/4070 (28.3%)  PASS:318  ERR:76
2026-03-24 08:24:26,655 [INFO] Progress: 1200/4070 (29.5%)  PASS:328  ERR:77
2026-03-24 08:24:30,650 [WARNING] 398A: rate limit, wait 10.0s
2026-03-24 08:24:31,220 [WARNING] 3991: rate limit, wait 10.0s
2026-03-24 08:24:51,084 [WARNING] 402A: rate limit, wait 10.0s
2026-03-24 08:24:51,564 [WARNING] 4031: rate limit, wait 10.0s
2026-03-24 08:24:52,067 [WARNING] 398A: rate limit, wait 30.0s
2026-03-24 08:25:10,832 [INFO] Progress: 1250/4070 (30.7%)  PASS:342  ERR:78
2026-03-24 08:25:47,155 [INFO] Progress: 1300/4070 (31.9%)  PASS:360  ERR:81
2026-03-24 08:26:10,339 [INFO] Progress: 1350/4070 (33.2%)  PASS:370  ERR:83
2026-03-24 08:26:41,425 [INFO] Progress: 1400/4070 (34.4%)  PASS:386  ERR:85
2026-03-24 08:27:24,637 [INFO] Progress: 1450/4070 (35.6%)  PASS:396  ERR:89
2026-03-24 08:27:56,903 [INFO] Progress: 1500/4070 (36.9%)  PASS:405  ERR:92
2026-03-24 08:28:29,465 [INFO] Progress: 1550/4070 (38.1%)  PASS:412  ERR:95
2026-03-24 08:28:42,549 [WARNING] 4571: rate limit, wait 10.0s
2026-03-24 08:28:43,289 [WARNING] 4572: rate limit, wait 10.0s
2026-03-24 08:28:55,982 [INFO] Progress: 1600/4070 (39.3%)  PASS:435  ERR:95
2026-03-24 08:29:25,737 [INFO] Progress: 1650/4070 (40.5%)  PASS:446  ERR:98
2026-03-24 08:29:31,339 [WARNING] 4684: rate limit, wait 10.0s
2026-03-24 08:29:32,044 [WARNING] 4685: rate limit, wait 10.0s
2026-03-24 08:29:32,124 [WARNING] 4686: rate limit, wait 10.0s
2026-03-24 08:29:52,242 [INFO] Progress: 1700/4070 (41.8%)  PASS:457  ERR:98
2026-03-24 08:29:56,935 [WARNING] 4762: rate limit, wait 10.0s
2026-03-24 08:29:57,505 [WARNING] 4763: rate limit, wait 10.0s
2026-03-24 08:30:19,208 [INFO] Progress: 1750/4070 (43.0%)  PASS:460  ERR:99
2026-03-24 08:30:20,642 [WARNING] 4848: rate limit, wait 10.0s
2026-03-24 08:30:52,296 [INFO] Progress: 1800/4070 (44.2%)  PASS:471  ERR:103
2026-03-24 08:31:06,626 [WARNING] 499A: rate limit, wait 10.0s
2026-03-24 08:31:06,860 [WARNING] 500A: rate limit, wait 10.0s
2026-03-24 08:31:07,381 [WARNING] 5010: rate limit, wait 10.0s
2026-03-24 08:31:21,536 [INFO] Progress: 1850/4070 (45.5%)  PASS:493  ERR:113
2026-03-24 08:32:11,800 [INFO] Progress: 1900/4070 (46.7%)  PASS:500  ERR:129
2026-03-24 08:32:38,551 [INFO] Progress: 1950/4070 (47.9%)  PASS:512  ERR:137
2026-03-24 08:32:58,879 [INFO] Progress: 2000/4070 (49.1%)  PASS:532  ERR:151
2026-03-24 08:33:00,308 [WARNING] 5411: rate limit, wait 10.0s
2026-03-24 08:33:00,616 [WARNING] 541A: rate limit, wait 10.0s
2026-03-24 08:33:00,994 [WARNING] 5423: rate limit, wait 10.0s
2026-03-24 08:34:11,250 [INFO] Progress: 2050/4070 (50.4%)  PASS:546  ERR:159
2026-03-24 08:35:10,277 [INFO] Progress: 2100/4070 (51.6%)  PASS:561  ERR:165
2026-03-24 08:36:10,691 [INFO] Progress: 2150/4070 (52.8%)  PASS:576  ERR:172
2026-03-24 08:36:29,166 [INFO] Progress: 2200/4070 (54.1%)  PASS:599  ERR:173
2026-03-24 08:36:35,674 [WARNING] 6046: rate limit, wait 10.0s
2026-03-24 08:36:35,714 [WARNING] 6047: rate limit, wait 10.0s
2026-03-24 08:36:36,478 [WARNING] 6049: rate limit, wait 10.0s
2026-03-24 08:36:49,807 [WARNING] 6071: rate limit, wait 10.0s
2026-03-24 08:36:50,496 [WARNING] 6072: rate limit, wait 10.0s
2026-03-24 08:36:50,573 [WARNING] 6073: rate limit, wait 10.0s
2026-03-24 08:37:04,708 [INFO] Progress: 2250/4070 (55.3%)  PASS:614  ERR:173
2026-03-24 08:37:06,346 [WARNING] 6099: rate limit, wait 10.0s
2026-03-24 08:37:06,977 [WARNING] 6101: rate limit, wait 10.0s
2026-03-24 08:37:07,118 [WARNING] 6103: rate limit, wait 10.0s
2026-03-24 08:37:26,210 [WARNING] 6173: rate limit, wait 10.0s
2026-03-24 08:37:45,469 [INFO] Progress: 2300/4070 (56.5%)  PASS:636  ERR:173
2026-03-24 08:38:00,256 [WARNING] 6265: rate limit, wait 10.0s
2026-03-24 08:38:00,844 [WARNING] 6266: rate limit, wait 10.0s
2026-03-24 08:38:01,029 [WARNING] 6267: rate limit, wait 10.0s
2026-03-24 08:38:11,723 [INFO] Progress: 2350/4070 (57.7%)  PASS:657  ERR:175
2026-03-24 08:38:22,608 [WARNING] 6333: rate limit, wait 10.0s
2026-03-24 08:38:22,781 [WARNING] 6334: rate limit, wait 10.0s
2026-03-24 08:38:23,388 [WARNING] 6335: rate limit, wait 10.0s
2026-03-24 08:38:36,158 [INFO] Progress: 2400/4070 (59.0%)  PASS:682  ERR:175
2026-03-24 08:39:01,788 [INFO] Progress: 2450/4070 (60.2%)  PASS:705  ERR:176
2026-03-24 08:39:12,458 [WARNING] 6486: rate limit, wait 10.0s
2026-03-24 08:39:13,183 [WARNING] 6488: rate limit, wait 10.0s
2026-03-24 08:39:13,194 [WARNING] 6489: rate limit, wait 10.0s
2026-03-24 08:39:29,129 [INFO] Progress: 2500/4070 (61.4%)  PASS:734  ERR:177
2026-03-24 08:39:33,973 [WARNING] 6543: rate limit, wait 10.0s
2026-03-24 08:39:34,759 [WARNING] 6544: rate limit, wait 10.0s
2026-03-24 08:39:58,951 [INFO] Progress: 2550/4070 (62.7%)  PASS:746  ERR:178
2026-03-24 08:40:26,111 [INFO] Progress: 2600/4070 (63.9%)  PASS:768  ERR:180
2026-03-24 08:40:32,811 [WARNING] 6740: rate limit, wait 10.0s
2026-03-24 08:40:33,412 [WARNING] 6741: rate limit, wait 10.0s
2026-03-24 08:40:53,893 [INFO] Progress: 2650/4070 (65.1%)  PASS:793  ERR:181
2026-03-24 08:40:56,178 [WARNING] 6819: rate limit, wait 10.0s
2026-03-24 08:40:56,650 [WARNING] 6820: rate limit, wait 10.0s
2026-03-24 08:40:56,894 [WARNING] 6822: rate limit, wait 10.0s
2026-03-24 08:41:17,579 [WARNING] 6890: rate limit, wait 10.0s
2026-03-24 08:41:17,927 [WARNING] 6894: rate limit, wait 10.0s
2026-03-24 08:41:18,334 [WARNING] 6897: rate limit, wait 10.0s
2026-03-24 08:41:29,732 [INFO] Progress: 2700/4070 (66.3%)  PASS:818  ERR:181
2026-03-24 08:41:56,828 [INFO] Progress: 2750/4070 (67.6%)  PASS:853  ERR:182
2026-03-24 08:42:06,785 [WARNING] 7057: rate limit, wait 10.0s
2026-03-24 08:42:06,918 [WARNING] 7058: rate limit, wait 10.0s
2026-03-24 08:42:25,075 [INFO] Progress: 2800/4070 (68.8%)  PASS:864  ERR:183
2026-03-24 08:42:34,167 [WARNING] 7115: rate limit, wait 10.0s
2026-03-24 08:43:14,782 [INFO] Progress: 2850/4070 (70.0%)  PASS:880  ERR:187
2026-03-24 08:43:47,610 [INFO] Progress: 2900/4070 (71.3%)  PASS:899  ERR:191
2026-03-24 08:44:01,862 [INFO] Progress: 2950/4070 (72.5%)  PASS:923  ERR:191
2026-03-24 08:44:30,133 [INFO] Progress: 3000/4070 (73.7%)  PASS:936  ERR:193
2026-03-24 08:44:32,418 [WARNING] 7455: rate limit, wait 10.0s
2026-03-24 08:44:33,195 [WARNING] 7458: rate limit, wait 10.0s
2026-03-24 08:44:33,906 [WARNING] 7459: rate limit, wait 10.0s
2026-03-24 08:44:58,270 [INFO] Progress: 3050/4070 (74.9%)  PASS:953  ERR:193
2026-03-24 08:45:03,049 [WARNING] 7552: rate limit, wait 10.0s
2026-03-24 08:45:14,610 [WARNING] 7602: rate limit, wait 10.0s
2026-03-24 08:45:14,688 [WARNING] 7603: rate limit, wait 10.0s
2026-03-24 08:45:15,320 [WARNING] 7604: rate limit, wait 10.0s
2026-03-24 08:45:29,728 [INFO] Progress: 3100/4070 (76.2%)  PASS:971  ERR:194
2026-03-24 08:46:18,853 [INFO] Progress: 3150/4070 (77.4%)  PASS:994  ERR:198
2026-03-24 08:46:33,867 [INFO] Progress: 3200/4070 (78.6%)  PASS:1012  ERR:199
2026-03-24 08:46:36,126 [WARNING] 7839: rate limit, wait 10.0s
2026-03-24 08:46:36,914 [WARNING] 7840: rate limit, wait 10.0s
2026-03-24 08:46:36,952 [WARNING] 7841: rate limit, wait 10.0s
2026-03-24 08:46:52,597 [WARNING] 7872: rate limit, wait 10.0s
2026-03-24 08:46:52,646 [WARNING] 7875: rate limit, wait 10.0s
2026-03-24 08:46:53,439 [WARNING] 7877: rate limit, wait 10.0s
2026-03-24 08:47:09,290 [INFO] Progress: 3250/4070 (79.9%)  PASS:1025  ERR:199
2026-03-24 08:47:10,804 [WARNING] 7922: rate limit, wait 10.0s
2026-03-24 08:47:10,824 [WARNING] 7923: rate limit, wait 10.0s
2026-03-24 08:47:11,531 [WARNING] 7925: rate limit, wait 10.0s
2026-03-24 08:47:31,442 [WARNING] 7981: rate limit, wait 10.0s
2026-03-24 08:47:31,495 [WARNING] 7983: rate limit, wait 10.0s
2026-03-24 08:47:32,213 [WARNING] 7984: rate limit, wait 10.0s
2026-03-24 08:47:44,033 [INFO] Progress: 3300/4070 (81.1%)  PASS:1048  ERR:199
2026-03-24 08:47:51,319 [WARNING] 8031: rate limit, wait 10.0s
2026-03-24 08:47:52,046 [WARNING] 8032: rate limit, wait 10.0s
2026-03-24 08:47:52,087 [WARNING] 8035: rate limit, wait 10.0s
2026-03-24 08:48:08,746 [INFO] Progress: 3350/4070 (82.3%)  PASS:1081  ERR:199
2026-03-24 08:48:11,227 [WARNING] 8088: rate limit, wait 10.0s
2026-03-24 08:48:11,843 [WARNING] 8089: rate limit, wait 10.0s
2026-03-24 08:48:11,859 [WARNING] 8091: rate limit, wait 10.0s
2026-03-24 08:48:30,863 [WARNING] 8142: rate limit, wait 10.0s
2026-03-24 08:48:31,125 [WARNING] 8143: rate limit, wait 10.0s
2026-03-24 08:48:31,686 [WARNING] 8144: rate limit, wait 10.0s
2026-03-24 08:48:44,225 [INFO] Progress: 3400/4070 (83.5%)  PASS:1104  ERR:199
2026-03-24 08:48:49,895 [WARNING] 8217: rate limit, wait 10.0s
2026-03-24 08:48:50,188 [WARNING] 8218: rate limit, wait 10.0s
2026-03-24 08:48:50,602 [WARNING] 8219: rate limit, wait 10.0s
2026-03-24 08:49:12,100 [INFO] Progress: 3450/4070 (84.8%)  PASS:1120  ERR:199
2026-03-24 08:49:20,149 [WARNING] 8360: rate limit, wait 10.0s
2026-03-24 08:49:20,825 [WARNING] 8361: rate limit, wait 10.0s
2026-03-24 08:49:34,114 [WARNING] 8416: rate limit, wait 10.0s
2026-03-24 08:49:34,939 [WARNING] 8421: rate limit, wait 10.0s
2026-03-24 08:49:35,638 [WARNING] 8424: rate limit, wait 10.0s
2026-03-24 08:49:47,500 [INFO] Progress: 3500/4070 (86.0%)  PASS:1164  ERR:200
2026-03-24 08:49:53,124 [WARNING] 8596: rate limit, wait 10.0s
2026-03-24 08:49:53,942 [WARNING] 8601: rate limit, wait 10.0s
2026-03-24 08:49:54,747 [WARNING] 8604: rate limit, wait 10.0s
2026-03-24 08:50:12,268 [INFO] Progress: 3550/4070 (87.2%)  PASS:1202  ERR:200
2026-03-24 08:50:12,973 [WARNING] 8766: rate limit, wait 10.0s
2026-03-24 08:50:13,789 [WARNING] 8771: rate limit, wait 10.0s
2026-03-24 08:50:14,600 [WARNING] 8772: rate limit, wait 10.0s
2026-03-24 08:50:33,602 [WARNING] 8908: rate limit, wait 10.0s
2026-03-24 08:50:33,789 [WARNING] 8912: rate limit, wait 10.0s
2026-03-24 08:50:34,419 [WARNING] 8914: rate limit, wait 10.0s
2026-03-24 08:50:47,882 [INFO] Progress: 3600/4070 (88.5%)  PASS:1223  ERR:200
2026-03-24 08:51:07,676 [WARNING] 8921: rate limit, wait 30.0s
2026-03-24 08:51:08,273 [WARNING] 9024: rate limit, wait 10.0s
2026-03-24 08:51:08,329 [WARNING] 9025: rate limit, wait 10.0s
2026-03-24 08:51:19,192 [INFO] Progress: 3650/4070 (89.7%)  PASS:1228  ERR:200
2026-03-24 08:52:03,054 [INFO] Progress: 3700/4070 (90.9%)  PASS:1250  ERR:203
2026-03-24 08:52:51,429 [INFO] Progress: 3750/4070 (92.1%)  PASS:1256  ERR:208
2026-03-24 08:53:39,185 [INFO] Progress: 3800/4070 (93.4%)  PASS:1283  ERR:212
2026-03-24 08:53:57,482 [INFO] Progress: 3850/4070 (94.6%)  PASS:1300  ERR:214
2026-03-24 08:54:13,281 [WARNING] 9543: rate limit, wait 10.0s
2026-03-24 08:54:13,379 [WARNING] 9551: rate limit, wait 10.0s
2026-03-24 08:54:14,017 [WARNING] 9552: rate limit, wait 10.0s
2026-03-24 08:54:26,692 [INFO] Progress: 3900/4070 (95.8%)  PASS:1323  ERR:215
2026-03-24 08:54:33,101 [WARNING] 9640: rate limit, wait 10.0s
2026-03-24 08:54:33,117 [WARNING] 9644: rate limit, wait 10.0s
2026-03-24 08:54:33,857 [WARNING] 9647: rate limit, wait 10.0s
2026-03-24 08:54:51,507 [INFO] Progress: 3950/4070 (97.1%)  PASS:1339  ERR:215
2026-03-24 08:54:52,929 [WARNING] 9726: rate limit, wait 10.0s
2026-03-24 08:54:53,037 [WARNING] 9729: rate limit, wait 10.0s
2026-03-24 08:54:53,676 [WARNING] 9731: rate limit, wait 10.0s
2026-03-24 08:55:12,836 [WARNING] 9818: rate limit, wait 10.0s
2026-03-24 08:55:13,537 [WARNING] 9820: rate limit, wait 10.0s
2026-03-24 08:55:13,585 [WARNING] 9823: rate limit, wait 10.0s
2026-03-24 08:55:27,786 [INFO] Progress: 4000/4070 (98.3%)  PASS:1357  ERR:215
2026-03-24 08:55:39,267 [WARNING] 9927: rate limit, wait 10.0s
2026-03-24 08:55:39,936 [WARNING] 9928: rate limit, wait 10.0s
2026-03-24 08:55:40,052 [WARNING] 9929: rate limit, wait 10.0s
2026-03-24 08:55:54,392 [INFO] Progress: 4050/4070 (99.5%)  PASS:1373  ERR:216
2026-03-24 08:55:59,211 [WARNING] 9994: rate limit, wait 10.0s
2026-03-24 08:55:59,802 [WARNING] 9996: rate limit, wait 10.0s
2026-03-24 08:55:59,922 [WARNING] 9997: rate limit, wait 10.0s
2026-03-24 08:56:10,802 [INFO] ============================================================
2026-03-24 08:56:10,802 [INFO] 完了! 4070銘柄  PASS:1377  ERR:216  所要:47.0分
2026-03-24 08:56:10,802 [INFO] 結果: /home/runner/work/invest-system/invest-system/data/screen_full_results.json
